<?xml version="1.0" encoding="UTF-8"?>
<!-- Generated by org.testng.reporters.JUnitXMLReporter -->
<testsuite ignored="1" hostname="DESKTOP-OQPHGP6" failures="1" tests="1" name="Default test(failed)" time="0.036" errors="0" timestamp="09 Oct 2018 20:52:30 GMT">
  <testcase classname="listenerDemo.MyFirstTestCase" name="TitleMatch" time="0.007">
    <failure type="java.lang.AssertionError" message="expected [true] but found [false]">
      <![CDATA[java.lang.AssertionError: expected [true] but found [false]
at listenerDemo.MyFirstTestCase.TitleMatch(MyFirstTestCase.java:33)
at Runner.TestRunner.main(TestRunner.java:23)
... Removed 26 stack frames]]>
    </failure>
  </testcase> <!-- TitleMatch -->
  <testcase classname="listenerDemo.MyFirstTestCase" name="GoogleTitleVerify" time="0.0">
    <ignored/>
  </testcase> <!-- GoogleTitleVerify -->
</testsuite> <!-- Default test(failed) -->
