<?xml version="1.0" encoding="UTF-8"?>
<!-- Generated by org.testng.reporters.JUnitXMLReporter -->
<testsuite ignored="0" hostname="DESKTOP-OQPHGP6" failures="0" tests="3" name="Test" time="0.059" errors="0" timestamp="10 Oct 2018 20:52:48 GMT">
  <testcase classname="testNGClasses.MultipleTestExecution" name="loginApplication" time="0.014"/>
  <testcase classname="testNGClasses.MultipleTestExecution" name="logoutApplication" time="0.013"/>
  <testcase classname="testNGClasses.MultipleTestExecution" name="setUp" time="0.002"/>
</testsuite> <!-- Test -->
