<?xml version="1.0" encoding="UTF-8"?>
<testng-results ignored="0" total="1" passed="1" failed="0" skipped="0">
  <reporter-output>
  </reporter-output>
  <suite started-at="2018-09-25T00:36:11Z" name="Default suite" finished-at="2018-09-25T00:36:18Z" duration-ms="7539">
    <groups>
    </groups>
    <test started-at="2018-09-25T00:36:11Z" name="Default test" finished-at="2018-09-25T00:36:18Z" duration-ms="7539">
      <class name="com.wordpressLogin.VerifyWordpressLogin1">
        <test-method signature="verifyValidLogin()[pri:0, instance:com.wordpressLogin.VerifyWordpressLogin1@757277dc]" started-at="2018-09-25T00:36:11Z" name="verifyValidLogin" finished-at="2018-09-25T00:36:18Z" duration-ms="7515" status="PASS">
          <reporter-output>
          </reporter-output>
        </test-method> <!-- verifyValidLogin -->
      </class> <!-- com.wordpressLogin.VerifyWordpressLogin1 -->
    </test> <!-- Default test -->
  </suite> <!-- Default suite -->
</testng-results>
