<?xml version="1.0" encoding="UTF-8"?>
<!-- Generated by org.testng.reporters.JUnitXMLReporter -->
<testsuite ignored="0" hostname="DESKTOP-OQPHGP6" failures="1" tests="3" name="Sprint1" time="0.059" errors="0" timestamp="06 Oct 2018 01:33:39 GMT">
  <testcase classname="TestNGClasses.TestCase1" name="testFB" time="0.013"/>
  <testcase classname="TestNGClasses.TestCase2" name="testTwitter" time="0.002"/>
  <testcase classname="TestNGClasses.TestCase3" name="testWordpress" time="0.005">
    <failure type="junit.framework.AssertionFailedError">
      <![CDATA[junit.framework.AssertionFailedError
at junit.framework.Assert.fail(Assert.java:55)
at junit.framework.Assert.assertTrue(Assert.java:22)
at junit.framework.Assert.assertTrue(Assert.java:31)
at TestNGClasses.TestCase3.testWordpress(TestCase3.java:19)
... Removed 25 stack frames]]>
    </failure>
  </testcase> <!-- testWordpress -->
</testsuite> <!-- Sprint1 -->
